<?xml version="1.0" encoding="UTF-8"?>
<coverage generated="1675871158940" clover="3.2.0">
  <project timestamp="1675871158941" name="All files">
    <metrics statements="83" coveredstatements="57" conditionals="23" coveredconditionals="19" methods="29" coveredmethods="22" elements="135" coveredelements="98" complexity="0" loc="83" ncloc="83" packages="1" files="2" classes="2"/>
    <file name="toDoList.js" path="C:\Users\USER\Desktop\Microverse-Works\Config-Webpack\src\modules\toDoList.js">
      <metrics statements="40" coveredstatements="39" conditionals="21" coveredconditionals="19" methods="13" coveredmethods="13"/>
      <line num="5" count="2" type="cond" truecount="2" falsecount="0"/>
      <line num="8" count="78" type="stmt"/>
      <line num="10" count="2" type="stmt"/>
      <line num="11" count="19" type="stmt"/>
      <line num="12" count="19" type="stmt"/>
      <line num="13" count="19" type="stmt"/>
      <line num="14" count="39" type="stmt"/>
      <line num="23" count="19" type="cond" truecount="2" falsecount="0"/>
      <line num="24" count="17" type="stmt"/>
      <line num="25" count="17" type="stmt"/>
      <line num="26" count="17" type="stmt"/>
      <line num="27" count="17" type="stmt"/>
      <line num="31" count="2" type="stmt"/>
      <line num="32" count="21" type="stmt"/>
      <line num="35" count="2" type="cond" truecount="1" falsecount="0"/>
      <line num="36" count="9" type="stmt"/>
      <line num="37" count="9" type="stmt"/>
      <line num="38" count="9" type="stmt"/>
      <line num="41" count="2" type="cond" truecount="1" falsecount="1"/>
      <line num="42" count="6" type="cond" truecount="2" falsecount="0"/>
      <line num="43" count="4" type="stmt"/>
      <line num="45" count="6" type="cond" truecount="2" falsecount="0"/>
      <line num="47" count="6" type="stmt"/>
      <line num="48" count="6" type="stmt"/>
      <line num="49" count="6" type="stmt"/>
      <line num="52" count="2" type="stmt"/>
      <line num="53" count="4" type="cond" truecount="1" falsecount="1"/>
      <line num="54" count="0" type="stmt"/>
      <line num="56" count="4" type="stmt"/>
      <line num="58" count="4" type="stmt"/>
      <line num="61" count="2" type="stmt"/>
      <line num="62" count="6" type="stmt"/>
      <line num="63" count="11" type="stmt"/>
      <line num="64" count="11" type="stmt"/>
      <line num="68" count="2" type="stmt"/>
      <line num="69" count="2" type="stmt"/>
      <line num="70" count="3" type="cond" truecount="4" falsecount="0"/>
      <line num="71" count="3" type="stmt"/>
      <line num="73" count="2" type="stmt"/>
      <line num="74" count="2" type="stmt"/>
    </file>
    <file name="toDoListSupport.js" path="C:\Users\USER\Desktop\Microverse-Works\Config-Webpack\src\modules\toDoListSupport.js">
      <metrics statements="43" coveredstatements="18" conditionals="2" coveredconditionals="0" methods="16" coveredmethods="9"/>
      <line num="2" count="2" type="stmt"/>
      <line num="3" count="17" type="stmt"/>
      <line num="4" count="17" type="stmt"/>
      <line num="5" count="39" type="stmt"/>
      <line num="6" count="0" type="stmt"/>
      <line num="7" count="0" type="stmt"/>
      <line num="8" count="0" type="stmt"/>
      <line num="13" count="2" type="stmt"/>
      <line num="14" count="17" type="stmt"/>
      <line num="15" count="17" type="stmt"/>
      <line num="16" count="39" type="stmt"/>
      <line num="17" count="0" type="stmt"/>
      <line num="22" count="2" type="stmt"/>
      <line num="23" count="17" type="stmt"/>
      <line num="25" count="39" type="stmt"/>
      <line num="26" count="0" type="cond" truecount="0" falsecount="2"/>
      <line num="27" count="0" type="stmt"/>
      <line num="28" count="0" type="stmt"/>
      <line num="32" count="39" type="stmt"/>
      <line num="33" count="0" type="stmt"/>
      <line num="37" count="2" type="stmt"/>
      <line num="38" count="0" type="stmt"/>
      <line num="39" count="0" type="stmt"/>
      <line num="40" count="0" type="stmt"/>
      <line num="41" count="0" type="stmt"/>
      <line num="42" count="0" type="stmt"/>
      <line num="45" count="2" type="stmt"/>
      <line num="46" count="17" type="stmt"/>
      <line num="47" count="17" type="stmt"/>
      <line num="49" count="17" type="stmt"/>
      <line num="50" count="39" type="stmt"/>
      <line num="51" count="0" type="stmt"/>
      <line num="52" count="0" type="stmt"/>
      <line num="53" count="0" type="stmt"/>
      <line num="54" count="0" type="stmt"/>
      <line num="55" count="0" type="stmt"/>
      <line num="57" count="0" type="stmt"/>
      <line num="58" count="0" type="stmt"/>
      <line num="59" count="0" type="stmt"/>
      <line num="60" count="0" type="stmt"/>
      <line num="61" count="0" type="stmt"/>
      <line num="62" count="0" type="stmt"/>
      <line num="63" count="0" type="stmt"/>
    </file>
  </project>
</coverage>
